C:\Users\tom.westwood\Documents\Personal\Work\Tom\LeagueCalc\angular\dist\out-tsc\app\services\league-file-converter.service.js
C:\Users\tom.westwood\Documents\Personal\Work\Tom\LeagueCalc\angular\dist\out-tsc\app\services\league-file-converter.service.js.map
C:\Users\tom.westwood\Documents\Personal\Work\Tom\LeagueCalc\angular\dist\out-tsc\app\calculator\calculator.component.js
C:\Users\tom.westwood\Documents\Personal\Work\Tom\LeagueCalc\angular\dist\out-tsc\app\calculator\calculator.component.js.map
C:\Users\tom.westwood\Documents\Personal\Work\Tom\LeagueCalc\angular\dist\out-tsc\app\app-routing.module.js
C:\Users\tom.westwood\Documents\Personal\Work\Tom\LeagueCalc\angular\dist\out-tsc\app\app-routing.module.js.map
C:\Users\tom.westwood\Documents\Personal\Work\Tom\LeagueCalc\angular\dist\out-tsc\app\app.component.js
C:\Users\tom.westwood\Documents\Personal\Work\Tom\LeagueCalc\angular\dist\out-tsc\app\app.component.js.map
C:\Users\tom.westwood\Documents\Personal\Work\Tom\LeagueCalc\angular\dist\out-tsc\app\header\header.component.js
C:\Users\tom.westwood\Documents\Personal\Work\Tom\LeagueCalc\angular\dist\out-tsc\app\header\header.component.js.map
C:\Users\tom.westwood\Documents\Personal\Work\Tom\LeagueCalc\angular\dist\out-tsc\app\app.module.js
C:\Users\tom.westwood\Documents\Personal\Work\Tom\LeagueCalc\angular\dist\out-tsc\app\app.module.js.map
C:\Users\tom.westwood\Documents\Personal\Work\Tom\LeagueCalc\angular\dist\out-tsc\environments\environment.js
C:\Users\tom.westwood\Documents\Personal\Work\Tom\LeagueCalc\angular\dist\out-tsc\environments\environment.js.map
C:\Users\tom.westwood\Documents\Personal\Work\Tom\LeagueCalc\angular\dist\out-tsc\main.js
C:\Users\tom.westwood\Documents\Personal\Work\Tom\LeagueCalc\angular\dist\out-tsc\main.js.map
C:\Users\tom.westwood\Documents\Personal\Work\Tom\LeagueCalc\angular\dist\out-tsc\polyfills.js
C:\Users\tom.westwood\Documents\Personal\Work\Tom\LeagueCalc\angular\dist\out-tsc\polyfills.js.map
C:\Users\tom.westwood\Documents\Personal\Work\Tom\LeagueCalc\angular\dist\out-tsc\test.js
C:\Users\tom.westwood\Documents\Personal\Work\Tom\LeagueCalc\angular\dist\out-tsc\test.js.map
C:\Users\tom.westwood\Documents\Personal\Work\Tom\LeagueCalc\angular\dist\out-tsc\app\app.component.spec.js
C:\Users\tom.westwood\Documents\Personal\Work\Tom\LeagueCalc\angular\dist\out-tsc\app\app.component.spec.js.map
C:\Users\tom.westwood\Documents\Personal\Work\Tom\LeagueCalc\angular\dist\out-tsc\environments\environment.prod.js
C:\Users\tom.westwood\Documents\Personal\Work\Tom\LeagueCalc\angular\dist\out-tsc\environments\environment.prod.js.map
